z:\visual studio\console_restaurant\x64\debug\vc143.pdb
z:\visual studio\console_restaurant\x64\debug\vc143.idb
z:\visual studio\console_restaurant\x64\debug\main.obj
z:\visual studio\console_restaurant\x64\debug\md5.obj
z:\visual studio\console_restaurant\x64\debug\data_row.obj
z:\visual studio\console_restaurant\x64\debug\user.obj
z:\visual studio\console_restaurant\x64\debug\dish.obj
z:\visual studio\console_restaurant\x64\debug\localization.obj
z:\visual studio\console_restaurant\x64\debug\password_hash.obj
z:\visual studio\console_restaurant\x64\debug\main_loop.obj
z:\visual studio\console_restaurant\x64\debug\console_restaurant.exe
z:\visual studio\console_restaurant\x64\debug\console_restaurant.ilk
z:\visual studio\console_restaurant\x64\debug\console_restaurant.pdb
z:\visual studio\console_restaurant\x64\debug\console_restaurant.obj
z:\visual studio\console_restaurant\x64\debug\console_.5c2f41d8.tlog\cl.items.tlog
z:\visual studio\console_restaurant\x64\debug\console_.5c2f41d8.tlog\cl.read.1.tlog
z:\visual studio\console_restaurant\x64\debug\console_.5c2f41d8.tlog\cl.write.1.tlog
z:\visual studio\console_restaurant\x64\debug\console_.5c2f41d8.tlog\link.write.1.tlog
z:\visual studio\console_restaurant\x64\debug\console_.5c2f41d8.tlog\cl.command.1.tlog
z:\visual studio\console_restaurant\x64\debug\console_.5c2f41d8.tlog\link.read.2.tlog
z:\visual studio\console_restaurant\x64\debug\console_.5c2f41d8.tlog\link.command.1.tlog
